# JRE version: OpenJDK Runtime Environment Temurin-17.0.12+7 (17.0.12+7) (build 17.0.12+7)
# Java VM: OpenJDK 64-Bit Server VM Temurin-17.0.12+7 (17.0.12+7, mixed mode, emulated-client, tiered, compressed oops, compressed class ptrs, g1 gc, windows-amd64)
GC Precious Log:
 CPUs: 8 total, 8 available
 Memory: 8034M
 Large Page Support: Disabled
 NUMA Support: Disabled
 Compressed Oops: Enabled (32-bit)
 Heap Region Size: 1M
 Heap Min Capacity: 8M
 Heap Initial Capacity: 126M
 Heap Max Capacity: 1G
 Pre-touch: Disabled
 Parallel Workers: 8
 Concurrent Workers: 2
 Concurrent Refinement Workers: 8
 Periodic GC: Disabled
Heap:
 garbage-first heap   total 75776K, used 25500K [0x00000000c0000000, 0x0000000100000000)
  region size 1024K, 1 young (1024K), 0 survivors (0K)
 Metaspace       used 42028K, committed 42432K, reserved 1114112K
  class space    used 5423K, committed 5632K, reserved 1048576K
GC Heap History (20 events):
Event: 3654.666 GC heap after
{Heap after GC invocations=143 (full 132):
 garbage-first heap   total 75776K, used 25500K [0x00000000c0000000, 0x0000000100000000)
  region size 1024K, 0 young (0K), 0 survivors (0K)
 Metaspace       used 42028K, committed 42432K, reserved 1114112K
  class space    used 5423K, committed 5632K, reserved 1048576K
}
Event: 3664.834 GC heap before
{Heap before GC invocations=143 (full 132):
 garbage-first heap   total 75776K, used 25500K [0x00000000c0000000, 0x0000000100000000)
  region size 1024K, 1 young (1024K), 0 survivors (0K)
 Metaspace       used 42028K, committed 42432K, reserved 1114112K
  class space    used 5423K, committed 5632K, reserved 1048576K
}
Event: 3664.866 GC heap after
{Heap after GC invocations=144 (full 133):
 garbage-first heap   total 75776K, used 25500K [0x00000000c0000000, 0x0000000100000000)
  region size 1024K, 0 young (0K), 0 survivors (0K)
 Metaspace       used 42028K, committed 42432K, reserved 1114112K
  class space    used 5423K, committed 5632K, reserved 1048576K
}
Event: 3674.984 GC heap before
{Heap before GC invocations=144 (full 133):
 garbage-first heap   total 75776K, used 25500K [0x00000000c0000000, 0x0000000100000000)
  region size 1024K, 1 young (1024K), 0 survivors (0K)
 Metaspace       used 42028K, committed 42432K, reserved 1114112K
  class space    used 5423K, committed 5632K, reserved 1048576K
}
Event: 3675.005 GC heap after
{Heap after GC invocations=145 (full 134):
 garbage-first heap   total 75776K, used 25500K [0x00000000c0000000, 0x0000000100000000)
  region size 1024K, 0 young (0K), 0 survivors (0K)
 Metaspace       used 42028K, committed 42432K, reserved 1114112K
  class space    used 5423K, committed 5632K, reserved 1048576K
}
Event: 3685.109 GC heap before
{Heap before GC invocations=145 (full 134):
 garbage-first heap   total 75776K, used 25500K [0x00000000c0000000, 0x0000000100000000)
  region size 1024K, 1 young (1024K), 0 survivors (0K)
 Metaspace       used 42028K, committed 42432K, reserved 1114112K
  class space    used 5423K, committed 5632K, reserved 1048576K
}
Event: 3685.135 GC heap after
{Heap after GC invocations=146 (full 135):
 garbage-first heap   total 75776K, used 25500K [0x00000000c0000000, 0x0000000100000000)
  region size 1024K, 0 young (0K), 0 survivors (0K)
 Metaspace       used 42028K, committed 42432K, reserved 1114112K
  class space    used 5423K, committed 5632K, reserved 1048576K
}
Event: 3695.309 GC heap before
{Heap before GC invocations=146 (full 135):
 garbage-first heap   total 75776K, used 25500K [0x00000000c0000000, 0x0000000100000000)
  region size 1024K, 1 young (1024K), 0 survivors (0K)
 Metaspace       used 42028K, committed 42432K, reserved 1114112K
  class space    used 5423K, committed 5632K, reserved 1048576K
}
Event: 3695.336 GC heap after
{Heap after GC invocations=147 (full 136):
 garbage-first heap   total 75776K, used 25500K [0x00000000c0000000, 0x0000000100000000)
  region size 1024K, 0 young (0K), 0 survivors (0K)
 Metaspace       used 42028K, committed 42432K, reserved 1114112K
  class space    used 5423K, committed 5632K, reserved 1048576K
}
Event: 3705.455 GC heap before
{Heap before GC invocations=147 (full 136):
 garbage-first heap   total 75776K, used 25500K [0x00000000c0000000, 0x0000000100000000)
  region size 1024K, 1 young (1024K), 0 survivors (0K)
 Metaspace       used 42028K, committed 42432K, reserved 1114112K
  class space    used 5423K, committed 5632K, reserved 1048576K
}
Event: 3705.476 GC heap after
{Heap after GC invocations=148 (full 137):
 garbage-first heap   total 75776K, used 25500K [0x00000000c0000000, 0x0000000100000000)
  region size 1024K, 0 young (0K), 0 survivors (0K)
 Metaspace       used 42028K, committed 42432K, reserved 1114112K
  class space    used 5423K, committed 5632K, reserved 1048576K
}
Event: 3715.583 GC heap before
{Heap before GC invocations=148 (full 137):
 garbage-first heap   total 75776K, used 25500K [0x00000000c0000000, 0x0000000100000000)
  region size 1024K, 1 young (1024K), 0 survivors (0K)
 Metaspace       used 42028K, committed 42432K, reserved 1114112K
  class space    used 5423K, committed 5632K, reserved 1048576K
}
Event: 3715.603 GC heap after
{Heap after GC invocations=149 (full 138):
 garbage-first heap   total 75776K, used 25500K [0x00000000c0000000, 0x0000000100000000)
  region size 1024K, 0 young (0K), 0 survivors (0K)
 Metaspace       used 42028K, committed 42432K, reserved 1114112K
  class space    used 5423K, committed 5632K, reserved 1048576K
}
Event: 3725.943 GC heap before
{Heap before GC invocations=149 (full 138):
 garbage-first heap   total 75776K, used 25500K [0x00000000c0000000, 0x0000000100000000)
  region size 1024K, 1 young (1024K), 0 survivors (0K)
 Metaspace       used 42028K, committed 42432K, reserved 1114112K
  class space    used 5423K, committed 5632K, reserved 1048576K
}
Event: 3725.971 GC heap after
{Heap after GC invocations=150 (full 139):
 garbage-first heap   total 75776K, used 25500K [0x00000000c0000000, 0x0000000100000000)
  region size 1024K, 0 young (0K), 0 survivors (0K)
 Metaspace       used 42028K, committed 42432K, reserved 1114112K
  class space    used 5423K, committed 5632K, reserved 1048576K
}
Event: 3736.101 GC heap before
{Heap before GC invocations=150 (full 139):
 garbage-first heap   total 75776K, used 25500K [0x00000000c0000000, 0x0000000100000000)
  region size 1024K, 1 young (1024K), 0 survivors (0K)
 Metaspace       used 42028K, committed 42432K, reserved 1114112K
  class space    used 5423K, committed 5632K, reserved 1048576K
}
Event: 3736.125 GC heap after
{Heap after GC invocations=151 (full 140):
 garbage-first heap   total 75776K, used 25500K [0x00000000c0000000, 0x0000000100000000)
  region size 1024K, 0 young (0K), 0 survivors (0K)
 Metaspace       used 42028K, committed 42432K, reserved 1114112K
  class space    used 5423K, committed 5632K, reserved 1048576K
}
Event: 3746.256 GC heap before
{Heap before GC invocations=151 (full 140):
 garbage-first heap   total 75776K, used 25500K [0x00000000c0000000, 0x0000000100000000)
  region size 1024K, 1 young (1024K), 0 survivors (0K)
 Metaspace       used 42028K, committed 42432K, reserved 1114112K
  class space    used 5423K, committed 5632K, reserved 1048576K
}
Event: 3746.280 GC heap after
{Heap after GC invocations=152 (full 141):
 garbage-first heap   total 75776K, used 25500K [0x00000000c0000000, 0x0000000100000000)
  region size 1024K, 0 young (0K), 0 survivors (0K)
 Metaspace       used 42028K, committed 42432K, reserved 1114112K
  class space    used 5423K, committed 5632K, reserved 1048576K
}
Event: 3756.314 GC heap before
{Heap before GC invocations=152 (full 141):
 garbage-first heap   total 75776K, used 25500K [0x00000000c0000000, 0x0000000100000000)
  region size 1024K, 1 young (1024K), 0 survivors (0K)
 Metaspace       used 42028K, committed 42432K, reserved 1114112K
  class space    used 5423K, committed 5632K, reserved 1048576K
}

